=== Re-check section presence (using grep -A) ===
--- full profile 主链推荐节点 section ---
- `hf-doc-freshness-gate`（Phase 0 / ADR-0003：位于 `hf-regression-gate` 之后、`hf-completion-gate` 之前；本 gate verdict 作为 `hf-completion-gate` evidence bundle 一项被 reference）
OK: full profile contains node
--- standard profile 主链推荐节点 section ---
- `hf-doc-freshness-gate`（Phase 0 / ADR-0003：位于 `hf-regression-gate` 之后、`hf-completion-gate` 之前）
OK: standard profile contains node
--- lightweight profile 主链推荐节点 section ---
- `hf-doc-freshness-gate`（Phase 0 / ADR-0003：lightweight 模式下使用 lightweight checklist template，≤ 5 分钟 / ≤ 30 行）
OK: lightweight profile contains node

=== Boundary semantic check (no previously-existing transition rule was REMOVED) ===
OK: previous rule [hf-tasks-review.*通过.*任务真人确认] still present (count=3)
OK: previous rule [hf-test-driven-dev.*实现完成.*hf-test-review] still present (count=2)
OK: previous rule [hf-test-review.*通过.*hf-code-review] still present (count=2)
OK: previous rule [hf-code-review.*通过.*hf-traceability-review] still present (count=2)
OK: previous rule [hf-traceability-review.*通过.*hf-regression-gate] still present (count=2)
OK: previous rule [hf-completion-gate.*主链任务全部完成.*hf-finalize] still present (count=3)

=== Boundary clarification: git diff 删除行 解释 ===
T5 Verify 中的 grep ^-[^-] | wc -l 是文本级粗检查。本次修改对 4 条 canonical route map chain 与 3 条 transition rule 行做 in-place 线性修改 (insert -> hf-doc-freshness-gate 节点); textual diff 显示为 delete+add，但语义上无任何既有 transition rule 被移除 (上方逐项 grep 已证)。
Deleted-text-line 计数: 7
其中:
- 4 条 canonical route map text 行 (full no-UI / full with-UI / standard / lightweight) 被替换为含 hf-doc-freshness-gate 的版本
- 3 条 transition table 行 (full hf-regression-gate=通过 / standard 同 / lightweight 同) 由 -> hf-completion-gate 改为 -> hf-doc-freshness-gate
总 7 行 textual delete = 7 行语义 modify (insert)，semantic delete = 0 (上方 existing_rules 检查全 OK)
